---------------------------------------------------------------
[ 2017-12-14T14:16:05+08:00 ] 127.0.0.1 GET /cp/login/index
[ info ] dlq.ddzh.com/cp/login/index [运行时间：0.182263s][吞吐率：5.49req/s] [内存消耗：661.61kb] [文件加载：71]
[ info ] [ LANG ] /var/www/html/ddzh/thinkphp/lang/zh-cn.php
[ info ] [ ROUTE ] array (
  'type' => 'module',
  'module' => 
  array (
    0 => NULL,
    1 => 'cp.login_cp',
    2 => 'index',
  ),
  'convert' => false,
)
[ info ] [ HEADER ] array (
  'host' => 'dlq.ddzh.com',
  'connection' => 'keep-alive',
  'cache-control' => 'max-age=0',
  'upgrade-insecure-requests' => '1',
  'user-agent' => 'Mozilla/5.0 (X11; Linux x86_64) AppleWebKit/537.36 (KHTML, like Gecko) Chrome/59.0.3071.104 Safari/537.36',
  'accept' => 'text/html,application/xhtml+xml,application/xml;q=0.9,image/webp,image/apng,*/*;q=0.8',
  'referer' => 'http://dlq.ddzh.com/cp/admin/index',
  'accept-encoding' => 'gzip, deflate',
  'accept-language' => 'zh-CN,zh;q=0.8',
  'cookie' => 'PHPSESSID=haqm9ed306hmspb7mpgjtj1on2; _ga=GA1.2.660914358.1512700127',
)
[ info ] [ PARAM ] array (
  'mod' => 'cp',
  'act' => 'login',
  'opt' => 'index',
)
[ info ] [ SESSION ] INIT array (
  'id' => '',
  'var_session_id' => '',
  'prefix' => 'think',
  'type' => '',
  'auto_start' => true,
)
[ info ] [ DB ] INIT mysql
[ info ] [ LOG ] INIT File
[ info ] [ RUN ] app\controller\cp\LoginCp->index[ /var/www/html/ddzh/application/controller/cp/LoginCp.php ]
[ info ] [ VIEW ] /var/www/html/ddzh/public/../application/view/cp/login_cp/index.html [ array (
  0 => 'mod',
  1 => 'act',
  2 => 'opt',
) ]
[ error ] [8]未定义数组索引: login[/var/www/html/ddzh/application/lib/Auth.php:200]
[ error ] [2]array_key_exists() expects parameter 2 to be array, null given[/var/www/html/ddzh/application/lib/Auth.php:200]
---------------------------------------------------------------
[ 2017-12-14T14:16:14+08:00 ] 127.0.0.1 POST /cp/login/save
[ info ] dlq.ddzh.com/cp/login/save [运行时间：0.428262s][吞吐率：2.34req/s] [内存消耗：667.69kb] [文件加载：72]
[ info ] [ LANG ] /var/www/html/ddzh/thinkphp/lang/zh-cn.php
[ info ] [ ROUTE ] array (
  'type' => 'module',
  'module' => 
  array (
    0 => NULL,
    1 => 'cp.login_cp',
    2 => 'save',
  ),
  'convert' => false,
)
[ info ] [ HEADER ] array (
  'host' => 'dlq.ddzh.com',
  'connection' => 'keep-alive',
  'content-length' => '40',
  'cache-control' => 'max-age=0',
  'origin' => 'http://dlq.ddzh.com',
  'upgrade-insecure-requests' => '1',
  'user-agent' => 'Mozilla/5.0 (X11; Linux x86_64) AppleWebKit/537.36 (KHTML, like Gecko) Chrome/59.0.3071.104 Safari/537.36',
  'content-type' => 'application/x-www-form-urlencoded',
  'accept' => 'text/html,application/xhtml+xml,application/xml;q=0.9,image/webp,image/apng,*/*;q=0.8',
  'referer' => 'http://dlq.ddzh.com/cp/login/index',
  'accept-encoding' => 'gzip, deflate',
  'accept-language' => 'zh-CN,zh;q=0.8',
  'cookie' => 'PHPSESSID=haqm9ed306hmspb7mpgjtj1on2; _ga=GA1.2.660914358.1512700127',
)
[ info ] [ PARAM ] array (
  'adminname' => 'admin',
  'password' => '123456',
  'captcha' => '',
  'mod' => 'cp',
  'act' => 'login',
  'opt' => 'save',
)
[ info ] [ SESSION ] INIT array (
  'id' => '',
  'var_session_id' => '',
  'prefix' => 'think',
  'type' => '',
  'auto_start' => true,
)
[ info ] [ DB ] INIT mysql
[ info ] [ LOG ] INIT File
[ info ] [ RUN ] app\controller\cp\LoginCp->save[ /var/www/html/ddzh/application/controller/cp/LoginCp.php ]
[ info ] [ VIEW ] /var/www/html/ddzh/thinkphp/tpl/dispatch_jump.tpl [ array (
  0 => 'adminname',
  1 => 'password',
  2 => 'captcha',
  3 => 'mod',
  4 => 'act',
  5 => 'opt',
  6 => 'code',
  7 => 'msg',
  8 => 'data',
  9 => 'url',
  10 => 'wait',
) ]
[ error ] [8]未定义数组索引: login[/var/www/html/ddzh/application/lib/Auth.php:200]
[ error ] [2]array_key_exists() expects parameter 2 to be array, null given[/var/www/html/ddzh/application/lib/Auth.php:200]
---------------------------------------------------------------
[ 2017-12-14T14:16:16+08:00 ] 127.0.0.1 GET /cp/login/index
[ info ] dlq.ddzh.com/cp/login/index [运行时间：0.126288s][吞吐率：7.92req/s] [内存消耗：661.31kb] [文件加载：71]
[ info ] [ LANG ] /var/www/html/ddzh/thinkphp/lang/zh-cn.php
[ info ] [ ROUTE ] array (
  'type' => 'module',
  'module' => 
  array (
    0 => NULL,
    1 => 'cp.login_cp',
    2 => 'index',
  ),
  'convert' => false,
)
[ info ] [ HEADER ] array (
  'host' => 'dlq.ddzh.com',
  'connection' => 'keep-alive',
  'upgrade-insecure-requests' => '1',
  'user-agent' => 'Mozilla/5.0 (X11; Linux x86_64) AppleWebKit/537.36 (KHTML, like Gecko) Chrome/59.0.3071.104 Safari/537.36',
  'accept' => 'text/html,application/xhtml+xml,application/xml;q=0.9,image/webp,image/apng,*/*;q=0.8',
  'referer' => 'http://dlq.ddzh.com/cp/admin/index',
  'accept-encoding' => 'gzip, deflate',
  'accept-language' => 'zh-CN,zh;q=0.8',
  'cookie' => 'PHPSESSID=haqm9ed306hmspb7mpgjtj1on2; _ga=GA1.2.660914358.1512700127',
)
[ info ] [ PARAM ] array (
  'mod' => 'cp',
  'act' => 'login',
  'opt' => 'index',
)
[ info ] [ SESSION ] INIT array (
  'id' => '',
  'var_session_id' => '',
  'prefix' => 'think',
  'type' => '',
  'auto_start' => true,
)
[ info ] [ DB ] INIT mysql
[ info ] [ LOG ] INIT File
[ info ] [ RUN ] app\controller\cp\LoginCp->index[ /var/www/html/ddzh/application/controller/cp/LoginCp.php ]
[ info ] [ VIEW ] /var/www/html/ddzh/public/../application/view/cp/login_cp/index.html [ array (
  0 => 'mod',
  1 => 'act',
  2 => 'opt',
) ]
[ error ] [8]未定义数组索引: login[/var/www/html/ddzh/application/lib/Auth.php:200]
[ error ] [2]array_key_exists() expects parameter 2 to be array, null given[/var/www/html/ddzh/application/lib/Auth.php:200]
---------------------------------------------------------------
[ 2017-12-14T14:16:24+08:00 ] 127.0.0.1 POST /cp/login/save
[ info ] dlq.ddzh.com/cp/login/save [运行时间：0.527689s][吞吐率：1.90req/s] [内存消耗：668.53kb] [文件加载：73]
[ info ] [ LANG ] /var/www/html/ddzh/thinkphp/lang/zh-cn.php
[ info ] [ ROUTE ] array (
  'type' => 'module',
  'module' => 
  array (
    0 => NULL,
    1 => 'cp.login_cp',
    2 => 'save',
  ),
  'convert' => false,
)
[ info ] [ HEADER ] array (
  'host' => 'dlq.ddzh.com',
  'connection' => 'keep-alive',
  'content-length' => '45',
  'cache-control' => 'max-age=0',
  'origin' => 'http://dlq.ddzh.com',
  'upgrade-insecure-requests' => '1',
  'user-agent' => 'Mozilla/5.0 (X11; Linux x86_64) AppleWebKit/537.36 (KHTML, like Gecko) Chrome/59.0.3071.104 Safari/537.36',
  'content-type' => 'application/x-www-form-urlencoded',
  'accept' => 'text/html,application/xhtml+xml,application/xml;q=0.9,image/webp,image/apng,*/*;q=0.8',
  'referer' => 'http://dlq.ddzh.com/cp/login/index',
  'accept-encoding' => 'gzip, deflate',
  'accept-language' => 'zh-CN,zh;q=0.8',
  'cookie' => 'PHPSESSID=haqm9ed306hmspb7mpgjtj1on2; _ga=GA1.2.660914358.1512700127',
)
[ info ] [ PARAM ] array (
  'adminname' => 'admin',
  'password' => '123456',
  'captcha' => 'umetn',
  'mod' => 'cp',
  'act' => 'login',
  'opt' => 'save',
)
[ info ] [ SESSION ] INIT array (
  'id' => '',
  'var_session_id' => '',
  'prefix' => 'think',
  'type' => '',
  'auto_start' => true,
)
[ info ] [ DB ] INIT mysql
[ info ] [ LOG ] INIT File
[ info ] [ RUN ] app\controller\cp\LoginCp->save[ /var/www/html/ddzh/application/controller/cp/LoginCp.php ]
[ info ] [ VIEW ] /var/www/html/ddzh/thinkphp/tpl/dispatch_jump.tpl [ array (
  0 => 'adminname',
  1 => 'password',
  2 => 'captcha',
  3 => 'mod',
  4 => 'act',
  5 => 'opt',
  6 => 'code',
  7 => 'msg',
  8 => 'data',
  9 => 'url',
  10 => 'wait',
) ]
[ error ] [8]未定义数组索引: login[/var/www/html/ddzh/application/lib/Auth.php:200]
[ error ] [2]array_key_exists() expects parameter 2 to be array, null given[/var/www/html/ddzh/application/lib/Auth.php:200]
---------------------------------------------------------------
[ 2017-12-14T14:16:25+08:00 ] 127.0.0.1 GET /cp/login/index
[ info ] dlq.ddzh.com/cp/login/index [运行时间：0.055412s][吞吐率：18.05req/s] [内存消耗：661.31kb] [文件加载：71]
[ info ] [ LANG ] /var/www/html/ddzh/thinkphp/lang/zh-cn.php
[ info ] [ ROUTE ] array (
  'type' => 'module',
  'module' => 
  array (
    0 => NULL,
    1 => 'cp.login_cp',
    2 => 'index',
  ),
  'convert' => false,
)
[ info ] [ HEADER ] array (
  'host' => 'dlq.ddzh.com',
  'connection' => 'keep-alive',
  'upgrade-insecure-requests' => '1',
  'user-agent' => 'Mozilla/5.0 (X11; Linux x86_64) AppleWebKit/537.36 (KHTML, like Gecko) Chrome/59.0.3071.104 Safari/537.36',
  'accept' => 'text/html,application/xhtml+xml,application/xml;q=0.9,image/webp,image/apng,*/*;q=0.8',
  'referer' => 'http://dlq.ddzh.com/cp/admin/index',
  'accept-encoding' => 'gzip, deflate',
  'accept-language' => 'zh-CN,zh;q=0.8',
  'cookie' => 'PHPSESSID=haqm9ed306hmspb7mpgjtj1on2; _ga=GA1.2.660914358.1512700127',
)
[ info ] [ PARAM ] array (
  'mod' => 'cp',
  'act' => 'login',
  'opt' => 'index',
)
[ info ] [ SESSION ] INIT array (
  'id' => '',
  'var_session_id' => '',
  'prefix' => 'think',
  'type' => '',
  'auto_start' => true,
)
[ info ] [ DB ] INIT mysql
[ info ] [ LOG ] INIT File
[ info ] [ RUN ] app\controller\cp\LoginCp->index[ /var/www/html/ddzh/application/controller/cp/LoginCp.php ]
[ info ] [ VIEW ] /var/www/html/ddzh/public/../application/view/cp/login_cp/index.html [ array (
  0 => 'mod',
  1 => 'act',
  2 => 'opt',
) ]
[ error ] [8]未定义数组索引: login[/var/www/html/ddzh/application/lib/Auth.php:200]
[ error ] [2]array_key_exists() expects parameter 2 to be array, null given[/var/www/html/ddzh/application/lib/Auth.php:200]
---------------------------------------------------------------
[ 2017-12-14T14:16:37+08:00 ] 127.0.0.1 POST /cp/login/save
[ info ] dlq.ddzh.com/cp/login/save [运行时间：0.128757s][吞吐率：7.77req/s] [内存消耗：667.95kb] [文件加载：73]
[ info ] [ LANG ] /var/www/html/ddzh/thinkphp/lang/zh-cn.php
[ info ] [ ROUTE ] array (
  'type' => 'module',
  'module' => 
  array (
    0 => NULL,
    1 => 'cp.login_cp',
    2 => 'save',
  ),
  'convert' => false,
)
[ info ] [ HEADER ] array (
  'host' => 'dlq.ddzh.com',
  'connection' => 'keep-alive',
  'content-length' => '45',
  'cache-control' => 'max-age=0',
  'origin' => 'http://dlq.ddzh.com',
  'upgrade-insecure-requests' => '1',
  'user-agent' => 'Mozilla/5.0 (X11; Linux x86_64) AppleWebKit/537.36 (KHTML, like Gecko) Chrome/59.0.3071.104 Safari/537.36',
  'content-type' => 'application/x-www-form-urlencoded',
  'accept' => 'text/html,application/xhtml+xml,application/xml;q=0.9,image/webp,image/apng,*/*;q=0.8',
  'referer' => 'http://dlq.ddzh.com/cp/login/index',
  'accept-encoding' => 'gzip, deflate',
  'accept-language' => 'zh-CN,zh;q=0.8',
  'cookie' => 'PHPSESSID=haqm9ed306hmspb7mpgjtj1on2; _ga=GA1.2.660914358.1512700127',
)
[ info ] [ PARAM ] array (
  'adminname' => 'admin',
  'password' => '123456',
  'captcha' => 'umein',
  'mod' => 'cp',
  'act' => 'login',
  'opt' => 'save',
)
[ info ] [ SESSION ] INIT array (
  'id' => '',
  'var_session_id' => '',
  'prefix' => 'think',
  'type' => '',
  'auto_start' => true,
)
[ info ] [ DB ] INIT mysql
[ info ] [ LOG ] INIT File
[ info ] [ RUN ] app\controller\cp\LoginCp->save[ /var/www/html/ddzh/application/controller/cp/LoginCp.php ]
[ info ] [ VIEW ] /var/www/html/ddzh/thinkphp/tpl/dispatch_jump.tpl [ array (
  0 => 'adminname',
  1 => 'password',
  2 => 'captcha',
  3 => 'mod',
  4 => 'act',
  5 => 'opt',
  6 => 'code',
  7 => 'msg',
  8 => 'data',
  9 => 'url',
  10 => 'wait',
) ]
[ error ] [8]未定义数组索引: login[/var/www/html/ddzh/application/lib/Auth.php:200]
[ error ] [2]array_key_exists() expects parameter 2 to be array, null given[/var/www/html/ddzh/application/lib/Auth.php:200]
---------------------------------------------------------------
[ 2017-12-14T14:16:40+08:00 ] 127.0.0.1 GET /cp/login/index
[ info ] dlq.ddzh.com/cp/login/index [运行时间：0.070917s][吞吐率：14.10req/s] [内存消耗：661.31kb] [文件加载：71]
[ info ] [ LANG ] /var/www/html/ddzh/thinkphp/lang/zh-cn.php
[ info ] [ ROUTE ] array (
  'type' => 'module',
  'module' => 
  array (
    0 => NULL,
    1 => 'cp.login_cp',
    2 => 'index',
  ),
  'convert' => false,
)
[ info ] [ HEADER ] array (
  'host' => 'dlq.ddzh.com',
  'connection' => 'keep-alive',
  'upgrade-insecure-requests' => '1',
  'user-agent' => 'Mozilla/5.0 (X11; Linux x86_64) AppleWebKit/537.36 (KHTML, like Gecko) Chrome/59.0.3071.104 Safari/537.36',
  'accept' => 'text/html,application/xhtml+xml,application/xml;q=0.9,image/webp,image/apng,*/*;q=0.8',
  'referer' => 'http://dlq.ddzh.com/cp/admin/index',
  'accept-encoding' => 'gzip, deflate',
  'accept-language' => 'zh-CN,zh;q=0.8',
  'cookie' => 'PHPSESSID=haqm9ed306hmspb7mpgjtj1on2; _ga=GA1.2.660914358.1512700127',
)
[ info ] [ PARAM ] array (
  'mod' => 'cp',
  'act' => 'login',
  'opt' => 'index',
)
[ info ] [ SESSION ] INIT array (
  'id' => '',
  'var_session_id' => '',
  'prefix' => 'think',
  'type' => '',
  'auto_start' => true,
)
[ info ] [ DB ] INIT mysql
[ info ] [ LOG ] INIT File
[ info ] [ RUN ] app\controller\cp\LoginCp->index[ /var/www/html/ddzh/application/controller/cp/LoginCp.php ]
[ info ] [ VIEW ] /var/www/html/ddzh/public/../application/view/cp/login_cp/index.html [ array (
  0 => 'mod',
  1 => 'act',
  2 => 'opt',
) ]
[ error ] [8]未定义数组索引: login[/var/www/html/ddzh/application/lib/Auth.php:200]
[ error ] [2]array_key_exists() expects parameter 2 to be array, null given[/var/www/html/ddzh/application/lib/Auth.php:200]
---------------------------------------------------------------
[ 2017-12-14T14:16:55+08:00 ] 127.0.0.1 POST /cp/login/save
[ info ] dlq.ddzh.com/cp/login/save [运行时间：0.297543s][吞吐率：3.36req/s] [内存消耗：668.53kb] [文件加载：73]
[ info ] [ LANG ] /var/www/html/ddzh/thinkphp/lang/zh-cn.php
[ info ] [ ROUTE ] array (
  'type' => 'module',
  'module' => 
  array (
    0 => NULL,
    1 => 'cp.login_cp',
    2 => 'save',
  ),
  'convert' => false,
)
[ info ] [ HEADER ] array (
  'host' => 'dlq.ddzh.com',
  'connection' => 'keep-alive',
  'content-length' => '45',
  'cache-control' => 'max-age=0',
  'origin' => 'http://dlq.ddzh.com',
  'upgrade-insecure-requests' => '1',
  'user-agent' => 'Mozilla/5.0 (X11; Linux x86_64) AppleWebKit/537.36 (KHTML, like Gecko) Chrome/59.0.3071.104 Safari/537.36',
  'content-type' => 'application/x-www-form-urlencoded',
  'accept' => 'text/html,application/xhtml+xml,application/xml;q=0.9,image/webp,image/apng,*/*;q=0.8',
  'referer' => 'http://dlq.ddzh.com/cp/login/index',
  'accept-encoding' => 'gzip, deflate',
  'accept-language' => 'zh-CN,zh;q=0.8',
  'cookie' => 'PHPSESSID=haqm9ed306hmspb7mpgjtj1on2; _ga=GA1.2.660914358.1512700127',
)
[ info ] [ PARAM ] array (
  'adminname' => 'admin',
  'password' => '123456',
  'captcha' => 'omein',
  'mod' => 'cp',
  'act' => 'login',
  'opt' => 'save',
)
[ info ] [ SESSION ] INIT array (
  'id' => '',
  'var_session_id' => '',
  'prefix' => 'think',
  'type' => '',
  'auto_start' => true,
)
[ info ] [ DB ] INIT mysql
[ info ] [ LOG ] INIT File
[ info ] [ RUN ] app\controller\cp\LoginCp->save[ /var/www/html/ddzh/application/controller/cp/LoginCp.php ]
[ info ] [ VIEW ] /var/www/html/ddzh/thinkphp/tpl/dispatch_jump.tpl [ array (
  0 => 'adminname',
  1 => 'password',
  2 => 'captcha',
  3 => 'mod',
  4 => 'act',
  5 => 'opt',
  6 => 'code',
  7 => 'msg',
  8 => 'data',
  9 => 'url',
  10 => 'wait',
) ]
[ error ] [8]未定义数组索引: login[/var/www/html/ddzh/application/lib/Auth.php:200]
[ error ] [2]array_key_exists() expects parameter 2 to be array, null given[/var/www/html/ddzh/application/lib/Auth.php:200]
---------------------------------------------------------------
[ 2017-12-14T14:16:57+08:00 ] 127.0.0.1 GET /cp/login/index
[ info ] dlq.ddzh.com/cp/login/index [运行时间：0.025463s][吞吐率：39.27req/s] [内存消耗：661.31kb] [文件加载：71]
[ info ] [ LANG ] /var/www/html/ddzh/thinkphp/lang/zh-cn.php
[ info ] [ ROUTE ] array (
  'type' => 'module',
  'module' => 
  array (
    0 => NULL,
    1 => 'cp.login_cp',
    2 => 'index',
  ),
  'convert' => false,
)
[ info ] [ HEADER ] array (
  'host' => 'dlq.ddzh.com',
  'connection' => 'keep-alive',
  'upgrade-insecure-requests' => '1',
  'user-agent' => 'Mozilla/5.0 (X11; Linux x86_64) AppleWebKit/537.36 (KHTML, like Gecko) Chrome/59.0.3071.104 Safari/537.36',
  'accept' => 'text/html,application/xhtml+xml,application/xml;q=0.9,image/webp,image/apng,*/*;q=0.8',
  'referer' => 'http://dlq.ddzh.com/cp/admin/index',
  'accept-encoding' => 'gzip, deflate',
  'accept-language' => 'zh-CN,zh;q=0.8',
  'cookie' => 'PHPSESSID=haqm9ed306hmspb7mpgjtj1on2; _ga=GA1.2.660914358.1512700127',
)
[ info ] [ PARAM ] array (
  'mod' => 'cp',
  'act' => 'login',
  'opt' => 'index',
)
[ info ] [ SESSION ] INIT array (
  'id' => '',
  'var_session_id' => '',
  'prefix' => 'think',
  'type' => '',
  'auto_start' => true,
)
[ info ] [ DB ] INIT mysql
[ info ] [ LOG ] INIT File
[ info ] [ RUN ] app\controller\cp\LoginCp->index[ /var/www/html/ddzh/application/controller/cp/LoginCp.php ]
[ info ] [ VIEW ] /var/www/html/ddzh/public/../application/view/cp/login_cp/index.html [ array (
  0 => 'mod',
  1 => 'act',
  2 => 'opt',
) ]
[ error ] [8]未定义数组索引: login[/var/www/html/ddzh/application/lib/Auth.php:200]
[ error ] [2]array_key_exists() expects parameter 2 to be array, null given[/var/www/html/ddzh/application/lib/Auth.php:200]
---------------------------------------------------------------
[ 2017-12-14T14:17:04+08:00 ] 127.0.0.1 POST /cp/login/save
[ info ] dlq.ddzh.com/cp/login/save [运行时间：0.343731s][吞吐率：2.91req/s] [内存消耗：668.53kb] [文件加载：73]
[ info ] [ LANG ] /var/www/html/ddzh/thinkphp/lang/zh-cn.php
[ info ] [ ROUTE ] array (
  'type' => 'module',
  'module' => 
  array (
    0 => NULL,
    1 => 'cp.login_cp',
    2 => 'save',
  ),
  'convert' => false,
)
[ info ] [ HEADER ] array (
  'host' => 'dlq.ddzh.com',
  'connection' => 'keep-alive',
  'content-length' => '45',
  'cache-control' => 'max-age=0',
  'origin' => 'http://dlq.ddzh.com',
  'upgrade-insecure-requests' => '1',
  'user-agent' => 'Mozilla/5.0 (X11; Linux x86_64) AppleWebKit/537.36 (KHTML, like Gecko) Chrome/59.0.3071.104 Safari/537.36',
  'content-type' => 'application/x-www-form-urlencoded',
  'accept' => 'text/html,application/xhtml+xml,application/xml;q=0.9,image/webp,image/apng,*/*;q=0.8',
  'referer' => 'http://dlq.ddzh.com/cp/login/index',
  'accept-encoding' => 'gzip, deflate',
  'accept-language' => 'zh-CN,zh;q=0.8',
  'cookie' => 'PHPSESSID=haqm9ed306hmspb7mpgjtj1on2; _ga=GA1.2.660914358.1512700127',
)
[ info ] [ PARAM ] array (
  'adminname' => 'admin',
  'password' => '123456',
  'captcha' => 'ometn',
  'mod' => 'cp',
  'act' => 'login',
  'opt' => 'save',
)
[ info ] [ SESSION ] INIT array (
  'id' => '',
  'var_session_id' => '',
  'prefix' => 'think',
  'type' => '',
  'auto_start' => true,
)
[ info ] [ DB ] INIT mysql
[ info ] [ LOG ] INIT File
[ info ] [ RUN ] app\controller\cp\LoginCp->save[ /var/www/html/ddzh/application/controller/cp/LoginCp.php ]
[ info ] [ VIEW ] /var/www/html/ddzh/thinkphp/tpl/dispatch_jump.tpl [ array (
  0 => 'adminname',
  1 => 'password',
  2 => 'captcha',
  3 => 'mod',
  4 => 'act',
  5 => 'opt',
  6 => 'code',
  7 => 'msg',
  8 => 'data',
  9 => 'url',
  10 => 'wait',
) ]
[ error ] [8]未定义数组索引: login[/var/www/html/ddzh/application/lib/Auth.php:200]
[ error ] [2]array_key_exists() expects parameter 2 to be array, null given[/var/www/html/ddzh/application/lib/Auth.php:200]
---------------------------------------------------------------
[ 2017-12-14T14:17:06+08:00 ] 127.0.0.1 GET /cp/login/index
[ info ] dlq.ddzh.com/cp/login/index [运行时间：0.082435s][吞吐率：12.13req/s] [内存消耗：661.31kb] [文件加载：71]
[ info ] [ LANG ] /var/www/html/ddzh/thinkphp/lang/zh-cn.php
[ info ] [ ROUTE ] array (
  'type' => 'module',
  'module' => 
  array (
    0 => NULL,
    1 => 'cp.login_cp',
    2 => 'index',
  ),
  'convert' => false,
)
[ info ] [ HEADER ] array (
  'host' => 'dlq.ddzh.com',
  'connection' => 'keep-alive',
  'upgrade-insecure-requests' => '1',
  'user-agent' => 'Mozilla/5.0 (X11; Linux x86_64) AppleWebKit/537.36 (KHTML, like Gecko) Chrome/59.0.3071.104 Safari/537.36',
  'accept' => 'text/html,application/xhtml+xml,application/xml;q=0.9,image/webp,image/apng,*/*;q=0.8',
  'referer' => 'http://dlq.ddzh.com/cp/admin/index',
  'accept-encoding' => 'gzip, deflate',
  'accept-language' => 'zh-CN,zh;q=0.8',
  'cookie' => 'PHPSESSID=haqm9ed306hmspb7mpgjtj1on2; _ga=GA1.2.660914358.1512700127',
)
[ info ] [ PARAM ] array (
  'mod' => 'cp',
  'act' => 'login',
  'opt' => 'index',
)
[ info ] [ SESSION ] INIT array (
  'id' => '',
  'var_session_id' => '',
  'prefix' => 'think',
  'type' => '',
  'auto_start' => true,
)
[ info ] [ DB ] INIT mysql
[ info ] [ LOG ] INIT File
[ info ] [ RUN ] app\controller\cp\LoginCp->index[ /var/www/html/ddzh/application/controller/cp/LoginCp.php ]
[ info ] [ VIEW ] /var/www/html/ddzh/public/../application/view/cp/login_cp/index.html [ array (
  0 => 'mod',
  1 => 'act',
  2 => 'opt',
) ]
[ error ] [8]未定义数组索引: login[/var/www/html/ddzh/application/lib/Auth.php:200]
[ error ] [2]array_key_exists() expects parameter 2 to be array, null given[/var/www/html/ddzh/application/lib/Auth.php:200]
---------------------------------------------------------------
[ 2017-12-14T14:17:20+08:00 ] 127.0.0.1 POST /cp/login/save
[ info ] dlq.ddzh.com/cp/login/save [运行时间：0.414305s][吞吐率：2.41req/s] [内存消耗：676.43kb] [文件加载：74]
[ info ] [ LANG ] /var/www/html/ddzh/thinkphp/lang/zh-cn.php
[ info ] [ ROUTE ] array (
  'type' => 'module',
  'module' => 
  array (
    0 => NULL,
    1 => 'cp.login_cp',
    2 => 'save',
  ),
  'convert' => false,
)
[ info ] [ HEADER ] array (
  'host' => 'dlq.ddzh.com',
  'connection' => 'keep-alive',
  'content-length' => '45',
  'cache-control' => 'max-age=0',
  'origin' => 'http://dlq.ddzh.com',
  'upgrade-insecure-requests' => '1',
  'user-agent' => 'Mozilla/5.0 (X11; Linux x86_64) AppleWebKit/537.36 (KHTML, like Gecko) Chrome/59.0.3071.104 Safari/537.36',
  'content-type' => 'application/x-www-form-urlencoded',
  'accept' => 'text/html,application/xhtml+xml,application/xml;q=0.9,image/webp,image/apng,*/*;q=0.8',
  'referer' => 'http://dlq.ddzh.com/cp/login/index',
  'accept-encoding' => 'gzip, deflate',
  'accept-language' => 'zh-CN,zh;q=0.8',
  'cookie' => 'PHPSESSID=haqm9ed306hmspb7mpgjtj1on2; _ga=GA1.2.660914358.1512700127',
)
[ info ] [ PARAM ] array (
  'adminname' => 'admin',
  'password' => '123456',
  'captcha' => 'pmsys',
  'mod' => 'cp',
  'act' => 'login',
  'opt' => 'save',
)
[ info ] [ SESSION ] INIT array (
  'id' => '',
  'var_session_id' => '',
  'prefix' => 'think',
  'type' => '',
  'auto_start' => true,
)
[ info ] [ DB ] INIT mysql
[ info ] [ LOG ] INIT File
[ info ] [ RUN ] app\controller\cp\LoginCp->save[ /var/www/html/ddzh/application/controller/cp/LoginCp.php ]
[ error ] [8]未定义数组索引: login[/var/www/html/ddzh/application/lib/Auth.php:200]
[ error ] [2]array_key_exists() expects parameter 2 to be array, null given[/var/www/html/ddzh/application/lib/Auth.php:200]
---------------------------------------------------------------
[ 2017-12-14T14:17:20+08:00 ] 127.0.0.1 GET /cp/admin/index
[ info ] dlq.ddzh.com/cp/admin/index [运行时间：0.218312s][吞吐率：4.58req/s] [内存消耗：711.81kb] [文件加载：67]
[ info ] [ LANG ] /var/www/html/ddzh/thinkphp/lang/zh-cn.php
[ info ] [ ROUTE ] array (
  'type' => 'module',
  'module' => 
  array (
    0 => NULL,
    1 => 'cp.admin_cp',
    2 => 'index',
  ),
  'convert' => false,
)
[ info ] [ HEADER ] array (
  'host' => 'dlq.ddzh.com',
  'connection' => 'keep-alive',
  'cache-control' => 'max-age=0',
  'upgrade-insecure-requests' => '1',
  'user-agent' => 'Mozilla/5.0 (X11; Linux x86_64) AppleWebKit/537.36 (KHTML, like Gecko) Chrome/59.0.3071.104 Safari/537.36',
  'accept' => 'text/html,application/xhtml+xml,application/xml;q=0.9,image/webp,image/apng,*/*;q=0.8',
  'referer' => 'http://dlq.ddzh.com/cp/login/index',
  'accept-encoding' => 'gzip, deflate',
  'accept-language' => 'zh-CN,zh;q=0.8',
  'cookie' => 'PHPSESSID=haqm9ed306hmspb7mpgjtj1on2; _ga=GA1.2.660914358.1512700127',
)
[ info ] [ PARAM ] array (
  'mod' => 'cp',
  'act' => 'admin',
  'opt' => 'index',
)
[ info ] [ SESSION ] INIT array (
  'id' => '',
  'var_session_id' => '',
  'prefix' => 'think',
  'type' => '',
  'auto_start' => true,
)
[ info ] [ DB ] INIT mysql
[ info ] [ LOG ] INIT File
[ info ] [ RUN ] app\controller\cp\AdminCp->index[ /var/www/html/ddzh/application/controller/cp/AdminCp.php ]
[ info ] [ VIEW ] /var/www/html/ddzh/public/../application/view/cp/admin_cp/index.html [ array (
  0 => 'mod',
  1 => 'act',
  2 => 'opt',
) ]
---------------------------------------------------------------
[ 2017-12-14T14:17:32+08:00 ] 127.0.0.1 GET /cp/shop_station/lists
[ info ] dlq.ddzh.com/cp/shop_station/lists [运行时间：0.694403s][吞吐率：1.44req/s] [内存消耗：973.97kb] [文件加载：76]
[ info ] [ LANG ] /var/www/html/ddzh/thinkphp/lang/zh-cn.php
[ info ] [ ROUTE ] array (
  'type' => 'module',
  'module' => 
  array (
    0 => NULL,
    1 => 'cp.shop_station_cp',
    2 => 'lists',
  ),
  'convert' => false,
)
[ info ] [ HEADER ] array (
  'host' => 'dlq.ddzh.com',
  'connection' => 'keep-alive',
  'upgrade-insecure-requests' => '1',
  'user-agent' => 'Mozilla/5.0 (X11; Linux x86_64) AppleWebKit/537.36 (KHTML, like Gecko) Chrome/59.0.3071.104 Safari/537.36',
  'accept' => 'text/html,application/xhtml+xml,application/xml;q=0.9,image/webp,image/apng,*/*;q=0.8',
  'referer' => 'http://dlq.ddzh.com/cp/admin/index',
  'accept-encoding' => 'gzip, deflate',
  'accept-language' => 'zh-CN,zh;q=0.8',
  'cookie' => 'PHPSESSID=haqm9ed306hmspb7mpgjtj1on2; _ga=GA1.2.660914358.1512700127',
)
[ info ] [ PARAM ] array (
  'mod' => 'cp',
  'act' => 'shop_station',
  'opt' => 'lists',
)
[ info ] [ SESSION ] INIT array (
  'id' => '',
  'var_session_id' => '',
  'prefix' => 'think',
  'type' => '',
  'auto_start' => true,
)
[ info ] [ DB ] INIT mysql
[ info ] [ LOG ] INIT File
[ info ] [ RUN ] app\controller\cp\ShopStationCp->lists[ /var/www/html/ddzh/application/controller/cp/ShopStationCp.php ]
[ info ] [ VIEW ] /var/www/html/ddzh/public/../application/view/cp/shop_station_cp/lists.html [ array (
  0 => 'mod',
  1 => 'act',
  2 => 'opt',
  3 => 'pagehtm',
  4 => 'shop_stations',
) ]
---------------------------------------------------------------
[ 2017-12-14T14:17:33+08:00 ] 127.0.0.1 POST /cp/common/getAreaInfo
[ info ] dlq.ddzh.com/cp/common/getAreaInfo [运行时间：0.199669s][吞吐率：5.01req/s] [内存消耗：754.88kb] [文件加载：69]
[ info ] [ LANG ] /var/www/html/ddzh/thinkphp/lang/zh-cn.php
[ info ] [ ROUTE ] array (
  'type' => 'module',
  'module' => 
  array (
    0 => NULL,
    1 => 'cp.common_cp',
    2 => 'getAreaInfo',
  ),
  'convert' => false,
)
[ info ] [ HEADER ] array (
  'host' => 'dlq.ddzh.com',
  'connection' => 'keep-alive',
  'content-length' => '6',
  'accept' => '*/*',
  'origin' => 'http://dlq.ddzh.com',
  'x-requested-with' => 'XMLHttpRequest',
  'user-agent' => 'Mozilla/5.0 (X11; Linux x86_64) AppleWebKit/537.36 (KHTML, like Gecko) Chrome/59.0.3071.104 Safari/537.36',
  'content-type' => 'application/x-www-form-urlencoded; charset=UTF-8',
  'referer' => 'http://dlq.ddzh.com/cp/shop_station/lists',
  'accept-encoding' => 'gzip, deflate',
  'accept-language' => 'zh-CN,zh;q=0.8',
  'cookie' => 'PHPSESSID=haqm9ed306hmspb7mpgjtj1on2; _ga=GA1.2.660914358.1512700127',
)
[ info ] [ PARAM ] array (
  'ajax' => '2',
  'mod' => 'cp',
  'act' => 'common',
  'opt' => 'getAreaInfo',
)
[ info ] [ SESSION ] INIT array (
  'id' => '',
  'var_session_id' => '',
  'prefix' => 'think',
  'type' => '',
  'auto_start' => true,
)
[ info ] [ DB ] INIT mysql
[ info ] [ LOG ] INIT File
[ info ] [ RUN ] app\controller\cp\CommonCp->getAreaInfo[ /var/www/html/ddzh/application/controller/cp/CommonCp.php ]
[ error ] [8]未定义数组索引: common[/var/www/html/ddzh/application/lib/Auth.php:200]
[ error ] [2]array_key_exists() expects parameter 2 to be array, null given[/var/www/html/ddzh/application/lib/Auth.php:200]
---------------------------------------------------------------
[ 2017-12-14T14:17:57+08:00 ] 127.0.0.1 GET /cp/shop_station/lists
[ info ] dlq.ddzh.com/cp/shop_station/lists [运行时间：0.321044s][吞吐率：3.11req/s] [内存消耗：860.02kb] [文件加载：74]
[ info ] [ LANG ] /var/www/html/ddzh/thinkphp/lang/zh-cn.php
[ info ] [ ROUTE ] array (
  'type' => 'module',
  'module' => 
  array (
    0 => NULL,
    1 => 'cp.shop_station_cp',
    2 => 'lists',
  ),
  'convert' => false,
)
[ info ] [ HEADER ] array (
  'host' => 'dlq.ddzh.com',
  'connection' => 'keep-alive',
  'cache-control' => 'max-age=0',
  'upgrade-insecure-requests' => '1',
  'user-agent' => 'Mozilla/5.0 (X11; Linux x86_64) AppleWebKit/537.36 (KHTML, like Gecko) Chrome/59.0.3071.104 Safari/537.36',
  'accept' => 'text/html,application/xhtml+xml,application/xml;q=0.9,image/webp,image/apng,*/*;q=0.8',
  'referer' => 'http://dlq.ddzh.com/cp/admin/index',
  'accept-encoding' => 'gzip, deflate',
  'accept-language' => 'zh-CN,zh;q=0.8',
  'cookie' => 'PHPSESSID=haqm9ed306hmspb7mpgjtj1on2; _ga=GA1.2.660914358.1512700127',
)
[ info ] [ PARAM ] array (
  'mod' => 'cp',
  'act' => 'shop_station',
  'opt' => 'lists',
)
[ info ] [ SESSION ] INIT array (
  'id' => '',
  'var_session_id' => '',
  'prefix' => 'think',
  'type' => '',
  'auto_start' => true,
)
[ info ] [ DB ] INIT mysql
[ info ] [ LOG ] INIT File
[ info ] [ RUN ] app\controller\cp\ShopStationCp->lists[ /var/www/html/ddzh/application/controller/cp/ShopStationCp.php ]
[ info ] [ VIEW ] /var/www/html/ddzh/public/../application/view/cp/shop_station_cp/lists.html [ array (
  0 => 'mod',
  1 => 'act',
  2 => 'opt',
  3 => 'pagehtm',
  4 => 'shop_stations',
) ]
---------------------------------------------------------------
[ 2017-12-14T14:17:57+08:00 ] 127.0.0.1 POST /cp/common/getAreaInfo
[ info ] dlq.ddzh.com/cp/common/getAreaInfo [运行时间：0.039473s][吞吐率：25.33req/s] [内存消耗：688.38kb] [文件加载：61]
[ info ] [ LANG ] /var/www/html/ddzh/thinkphp/lang/zh-cn.php
[ info ] [ ROUTE ] array (
  'type' => 'module',
  'module' => 
  array (
    0 => NULL,
    1 => 'cp.common_cp',
    2 => 'getAreaInfo',
  ),
  'convert' => false,
)
[ info ] [ HEADER ] array (
  'host' => 'dlq.ddzh.com',
  'connection' => 'keep-alive',
  'content-length' => '6',
  'accept' => '*/*',
  'origin' => 'http://dlq.ddzh.com',
  'x-requested-with' => 'XMLHttpRequest',
  'user-agent' => 'Mozilla/5.0 (X11; Linux x86_64) AppleWebKit/537.36 (KHTML, like Gecko) Chrome/59.0.3071.104 Safari/537.36',
  'content-type' => 'application/x-www-form-urlencoded; charset=UTF-8',
  'referer' => 'http://dlq.ddzh.com/cp/shop_station/lists',
  'accept-encoding' => 'gzip, deflate',
  'accept-language' => 'zh-CN,zh;q=0.8',
  'cookie' => 'PHPSESSID=haqm9ed306hmspb7mpgjtj1on2; _ga=GA1.2.660914358.1512700127',
)
[ info ] [ PARAM ] array (
  'ajax' => '2',
  'mod' => 'cp',
  'act' => 'common',
  'opt' => 'getAreaInfo',
)
[ info ] [ LOG ] INIT File
[ info ] [ RUN ] app\controller\cp\CommonCp->getAreaInfo[ /var/www/html/ddzh/application/controller/cp/CommonCp.php ]
[ info ] [ SESSION ] INIT array (
  'id' => '',
  'var_session_id' => '',
  'prefix' => 'think',
  'type' => '',
  'auto_start' => true,
)
[ info ] [ DB ] INIT mysql
---------------------------------------------------------------
[ 2017-12-14T14:22:53+08:00 ] 127.0.0.1 GET /cp/shop_station/lists
[ info ] dlq.ddzh.com/cp/shop_station/lists [运行时间：0.081536s][吞吐率：12.26req/s] [内存消耗：858.93kb] [文件加载：74]
[ info ] [ LANG ] /var/www/html/ddzh/thinkphp/lang/zh-cn.php
[ info ] [ ROUTE ] array (
  'type' => 'module',
  'module' => 
  array (
    0 => NULL,
    1 => 'cp.shop_station_cp',
    2 => 'lists',
  ),
  'convert' => false,
)
[ info ] [ HEADER ] array (
  'host' => 'dlq.ddzh.com',
  'connection' => 'keep-alive',
  'cache-control' => 'max-age=0',
  'upgrade-insecure-requests' => '1',
  'user-agent' => 'Mozilla/5.0 (X11; Linux x86_64) AppleWebKit/537.36 (KHTML, like Gecko) Chrome/59.0.3071.104 Safari/537.36',
  'accept' => 'text/html,application/xhtml+xml,application/xml;q=0.9,image/webp,image/apng,*/*;q=0.8',
  'referer' => 'http://dlq.ddzh.com/cp/admin/index',
  'accept-encoding' => 'gzip, deflate',
  'accept-language' => 'zh-CN,zh;q=0.8',
  'cookie' => 'PHPSESSID=haqm9ed306hmspb7mpgjtj1on2; _ga=GA1.2.660914358.1512700127',
)
[ info ] [ PARAM ] array (
  'mod' => 'cp',
  'act' => 'shop_station',
  'opt' => 'lists',
)
[ info ] [ SESSION ] INIT array (
  'id' => '',
  'var_session_id' => '',
  'prefix' => 'think',
  'type' => '',
  'auto_start' => true,
)
[ info ] [ DB ] INIT mysql
[ info ] [ LOG ] INIT File
[ info ] [ RUN ] app\controller\cp\ShopStationCp->lists[ /var/www/html/ddzh/application/controller/cp/ShopStationCp.php ]
[ info ] [ VIEW ] /var/www/html/ddzh/public/../application/view/cp/shop_station_cp/lists.html [ array (
  0 => 'mod',
  1 => 'act',
  2 => 'opt',
  3 => 'pagehtm',
  4 => 'shop_stations',
) ]
---------------------------------------------------------------
[ 2017-12-14T14:22:53+08:00 ] 127.0.0.1 POST /cp/common/getAreaInfo
[ info ] dlq.ddzh.com/cp/common/getAreaInfo [运行时间：0.043668s][吞吐率：22.90req/s] [内存消耗：754.80kb] [文件加载：69]
[ info ] [ LANG ] /var/www/html/ddzh/thinkphp/lang/zh-cn.php
[ info ] [ ROUTE ] array (
  'type' => 'module',
  'module' => 
  array (
    0 => NULL,
    1 => 'cp.common_cp',
    2 => 'getAreaInfo',
  ),
  'convert' => false,
)
[ info ] [ HEADER ] array (
  'host' => 'dlq.ddzh.com',
  'connection' => 'keep-alive',
  'content-length' => '6',
  'accept' => '*/*',
  'origin' => 'http://dlq.ddzh.com',
  'x-requested-with' => 'XMLHttpRequest',
  'user-agent' => 'Mozilla/5.0 (X11; Linux x86_64) AppleWebKit/537.36 (KHTML, like Gecko) Chrome/59.0.3071.104 Safari/537.36',
  'content-type' => 'application/x-www-form-urlencoded; charset=UTF-8',
  'referer' => 'http://dlq.ddzh.com/cp/shop_station/lists',
  'accept-encoding' => 'gzip, deflate',
  'accept-language' => 'zh-CN,zh;q=0.8',
  'cookie' => 'PHPSESSID=haqm9ed306hmspb7mpgjtj1on2; _ga=GA1.2.660914358.1512700127',
)
[ info ] [ PARAM ] array (
  'ajax' => '2',
  'mod' => 'cp',
  'act' => 'common',
  'opt' => 'getAreaInfo',
)
[ info ] [ SESSION ] INIT array (
  'id' => '',
  'var_session_id' => '',
  'prefix' => 'think',
  'type' => '',
  'auto_start' => true,
)
[ info ] [ DB ] INIT mysql
[ info ] [ LOG ] INIT File
[ info ] [ RUN ] app\controller\cp\CommonCp->getAreaInfo[ /var/www/html/ddzh/application/controller/cp/CommonCp.php ]
[ error ] [8]未定义数组索引: common[/var/www/html/ddzh/application/lib/Auth.php:200]
[ error ] [2]array_key_exists() expects parameter 2 to be array, null given[/var/www/html/ddzh/application/lib/Auth.php:200]
---------------------------------------------------------------
[ 2017-12-14T14:23:04+08:00 ] 127.0.0.1 POST /cp/common/getAreaInfo
[ info ] dlq.ddzh.com/cp/common/getAreaInfo [运行时间：0.075385s][吞吐率：13.27req/s] [内存消耗：751.59kb] [文件加载：69]
[ info ] [ LANG ] /var/www/html/ddzh/thinkphp/lang/zh-cn.php
[ info ] [ ROUTE ] array (
  'type' => 'module',
  'module' => 
  array (
    0 => NULL,
    1 => 'cp.common_cp',
    2 => 'getAreaInfo',
  ),
  'convert' => false,
)
[ info ] [ HEADER ] array (
  'host' => 'dlq.ddzh.com',
  'connection' => 'keep-alive',
  'content-length' => '43',
  'accept' => '*/*',
  'origin' => 'http://dlq.ddzh.com',
  'x-requested-with' => 'XMLHttpRequest',
  'user-agent' => 'Mozilla/5.0 (X11; Linux x86_64) AppleWebKit/537.36 (KHTML, like Gecko) Chrome/59.0.3071.104 Safari/537.36',
  'content-type' => 'application/x-www-form-urlencoded; charset=UTF-8',
  'referer' => 'http://dlq.ddzh.com/cp/shop_station/lists',
  'accept-encoding' => 'gzip, deflate',
  'accept-language' => 'zh-CN,zh;q=0.8',
  'cookie' => 'PHPSESSID=haqm9ed306hmspb7mpgjtj1on2; _ga=GA1.2.660914358.1512700127',
)
[ info ] [ PARAM ] array (
  'province' => '上海市',
  'ajax' => '1',
  'mod' => 'cp',
  'act' => 'common',
  'opt' => 'getAreaInfo',
)
[ info ] [ SESSION ] INIT array (
  'id' => '',
  'var_session_id' => '',
  'prefix' => 'think',
  'type' => '',
  'auto_start' => true,
)
[ info ] [ DB ] INIT mysql
[ info ] [ LOG ] INIT File
[ info ] [ RUN ] app\controller\cp\CommonCp->getAreaInfo[ /var/www/html/ddzh/application/controller/cp/CommonCp.php ]
[ error ] [8]未定义数组索引: common[/var/www/html/ddzh/application/lib/Auth.php:200]
[ error ] [2]array_key_exists() expects parameter 2 to be array, null given[/var/www/html/ddzh/application/lib/Auth.php:200]
---------------------------------------------------------------
[ 2017-12-14T14:23:07+08:00 ] 127.0.0.1 POST /cp/common/getAreaInfo
[ info ] dlq.ddzh.com/cp/common/getAreaInfo [运行时间：0.057366s][吞吐率：17.43req/s] [内存消耗：751.29kb] [文件加载：69]
[ info ] [ LANG ] /var/www/html/ddzh/thinkphp/lang/zh-cn.php
[ info ] [ ROUTE ] array (
  'type' => 'module',
  'module' => 
  array (
    0 => NULL,
    1 => 'cp.common_cp',
    2 => 'getAreaInfo',
  ),
  'convert' => false,
)
[ info ] [ HEADER ] array (
  'host' => 'dlq.ddzh.com',
  'connection' => 'keep-alive',
  'content-length' => '76',
  'accept' => '*/*',
  'origin' => 'http://dlq.ddzh.com',
  'x-requested-with' => 'XMLHttpRequest',
  'user-agent' => 'Mozilla/5.0 (X11; Linux x86_64) AppleWebKit/537.36 (KHTML, like Gecko) Chrome/59.0.3071.104 Safari/537.36',
  'content-type' => 'application/x-www-form-urlencoded; charset=UTF-8',
  'referer' => 'http://dlq.ddzh.com/cp/shop_station/lists',
  'accept-encoding' => 'gzip, deflate',
  'accept-language' => 'zh-CN,zh;q=0.8',
  'cookie' => 'PHPSESSID=haqm9ed306hmspb7mpgjtj1on2; _ga=GA1.2.660914358.1512700127',
)
[ info ] [ PARAM ] array (
  'province' => '上海市',
  'city' => '上海市',
  'ajax' => '1',
  'mod' => 'cp',
  'act' => 'common',
  'opt' => 'getAreaInfo',
)
[ info ] [ SESSION ] INIT array (
  'id' => '',
  'var_session_id' => '',
  'prefix' => 'think',
  'type' => '',
  'auto_start' => true,
)
[ info ] [ DB ] INIT mysql
[ info ] [ LOG ] INIT File
[ info ] [ RUN ] app\controller\cp\CommonCp->getAreaInfo[ /var/www/html/ddzh/application/controller/cp/CommonCp.php ]
[ error ] [8]未定义数组索引: common[/var/www/html/ddzh/application/lib/Auth.php:200]
[ error ] [2]array_key_exists() expects parameter 2 to be array, null given[/var/www/html/ddzh/application/lib/Auth.php:200]
---------------------------------------------------------------
[ 2017-12-14T14:24:30+08:00 ] 127.0.0.1 GET /cp/shop_station/lists
[ info ] dlq.ddzh.com/cp/shop_station/lists [运行时间：0.105403s][吞吐率：9.49req/s] [内存消耗：924.01kb] [文件加载：74]
[ info ] [ LANG ] /var/www/html/ddzh/thinkphp/lang/zh-cn.php
[ info ] [ ROUTE ] array (
  'type' => 'module',
  'module' => 
  array (
    0 => NULL,
    1 => 'cp.shop_station_cp',
    2 => 'lists',
  ),
  'convert' => false,
)
[ info ] [ HEADER ] array (
  'host' => 'dlq.ddzh.com',
  'connection' => 'keep-alive',
  'cache-control' => 'max-age=0',
  'upgrade-insecure-requests' => '1',
  'user-agent' => 'Mozilla/5.0 (X11; Linux x86_64) AppleWebKit/537.36 (KHTML, like Gecko) Chrome/59.0.3071.104 Safari/537.36',
  'accept' => 'text/html,application/xhtml+xml,application/xml;q=0.9,image/webp,image/apng,*/*;q=0.8',
  'referer' => 'http://dlq.ddzh.com/cp/admin/index',
  'accept-encoding' => 'gzip, deflate',
  'accept-language' => 'zh-CN,zh;q=0.8',
  'cookie' => 'PHPSESSID=haqm9ed306hmspb7mpgjtj1on2; _ga=GA1.2.660914358.1512700127',
)
[ info ] [ PARAM ] array (
  'mod' => 'cp',
  'act' => 'shop_station',
  'opt' => 'lists',
)
[ info ] [ SESSION ] INIT array (
  'id' => '',
  'var_session_id' => '',
  'prefix' => 'think',
  'type' => '',
  'auto_start' => true,
)
[ info ] [ DB ] INIT mysql
[ info ] [ LOG ] INIT File
[ info ] [ RUN ] app\controller\cp\ShopStationCp->lists[ /var/www/html/ddzh/application/controller/cp/ShopStationCp.php ]
[ info ] [ VIEW ] /var/www/html/ddzh/public/../application/view/cp/shop_station_cp/lists.html [ array (
  0 => 'mod',
  1 => 'act',
  2 => 'opt',
  3 => 'pagehtm',
  4 => 'shop_stations',
) ]
