---------------------------------------------------------------
[ 2017-12-16T09:58:06+08:00 ] 127.0.0.1 GET /cp/login/index
[ info ] dlq.ddzh.com/cp/login/index [运行时间：0.403602s][吞吐率：2.48req/s] [内存消耗：662.38kb] [文件加载：71]
[ info ] [ LANG ] /var/www/html/ddzh/thinkphp/lang/zh-cn.php
[ info ] [ ROUTE ] array (
  'type' => 'module',
  'module' => 
  array (
    0 => NULL,
    1 => 'cp.login_cp',
    2 => 'index',
  ),
  'convert' => false,
)
[ info ] [ HEADER ] array (
  'host' => 'dlq.ddzh.com',
  'connection' => 'keep-alive',
  'upgrade-insecure-requests' => '1',
  'user-agent' => 'Mozilla/5.0 (X11; Linux x86_64) AppleWebKit/537.36 (KHTML, like Gecko) Chrome/59.0.3071.104 Safari/537.36',
  'accept' => 'text/html,application/xhtml+xml,application/xml;q=0.9,image/webp,image/apng,*/*;q=0.8',
  'referer' => 'http://dlq.ddzh.com/cp/admin/index',
  'accept-encoding' => 'gzip, deflate',
  'accept-language' => 'zh-CN,zh;q=0.8',
  'cookie' => 'PHPSESSID=haqm9ed306hmspb7mpgjtj1on2; _ga=GA1.2.660914358.1512700127',
)
[ info ] [ PARAM ] array (
  'mod' => 'cp',
  'act' => 'login',
  'opt' => 'index',
)
[ info ] [ SESSION ] INIT array (
  'id' => '',
  'var_session_id' => '',
  'prefix' => 'think',
  'type' => '',
  'auto_start' => true,
)
[ info ] [ DB ] INIT mysql
[ info ] [ LOG ] INIT File
[ info ] [ RUN ] app\controller\cp\LoginCp->index[ /var/www/html/ddzh/application/controller/cp/LoginCp.php ]
[ info ] [ VIEW ] /var/www/html/ddzh/public/../application/view/cp/login_cp/index.html [ array (
  0 => 'mod',
  1 => 'act',
  2 => 'opt',
) ]
[ error ] [8]未定义数组索引: login[/var/www/html/ddzh/application/lib/Auth.php:200]
[ error ] [2]array_key_exists() expects parameter 2 to be array, null given[/var/www/html/ddzh/application/lib/Auth.php:200]
