---------------------------------------------------------------
[ 2017-12-12T10:50:58+08:00 ] 127.0.0.1 POST /sync
[ info ] dlq.ddzh.com/sync [运行时间：0.620441s][吞吐率：1.61req/s] [内存消耗：692.93kb] [文件加载：77]
[ info ] [ LANG ] /var/www/html/ddzh/thinkphp/lang/zh-cn.php
[ info ] [ ROUTE ] array (
  'type' => 'module',
  'module' => 
  array (
    0 => NULL,
    1 => 'Sync',
    2 => 'dispatch',
  ),
  'convert' => false,
)
[ info ] [ HEADER ] array (
  'cache-control' => 'no-cache',
  'postman-token' => '8a69f5f5-109c-47ab-9dbc-fe334b93408c',
  'content-type' => 'text/plain',
  'user-agent' => 'PostmanRuntime/3.0.11-hotfix.2',
  'accept' => '*/*',
  'host' => 'dlq.ddzh.com',
  'cookie' => 'PHPSESSID=6j7hj90ptdklu5sdue6jsa6kk4',
  'accept-encoding' => 'gzip, deflate',
  'content-length' => '247',
  'connection' => 'keep-alive',
)
[ info ] [ PARAM ] array (
)
[ info ] [ LOG ] INIT File
[ info ] [ DB ] INIT mysql
[ info ] [ RUN ] app\controller\Sync->dispatch[ /var/www/html/ddzh/application/controller/Sync.php ]
[ info ] get post data : {"data":{"ACT":"sync_umbrella","LASTTIME":"1512980826","STATIONID":"1634","USABLE_UMBRELLA":"4","EMPTY_SLOT_COUNT":"12","UM16":"000000000000","UM17":"000000000000","UM18":"000000000000","UM19":"000000000000","CHKSUM":"1057d403"},"stationid":1634}

[ info ] handle sync umbrella
[ info ] sync umbrella station_id: 1634
[ info ] [ CACHE ] INIT File
[ info ] umbrellas sync success, station id: 1634
[ sql ] [ DB ] CONNECT:[ UseTime:0.007070s ] mysql:host=localhost;port=3306;dbname=ddzh;charset=utf8
[ sql ] [ SQL ] SHOW COLUMNS FROM `pre_ddzh_station` [ RunTime:0.006423s ]
[ sql ] [ SQL ] SELECT * FROM `pre_ddzh_station` WHERE  `id` = 1634 LIMIT 1 [ RunTime:0.008621s ]
[ sql ] [ SQL ] SHOW COLUMNS FROM `pre_ddzh_shop_station` [ RunTime:0.021957s ]
[ sql ] [ SQL ] SELECT * FROM `pre_ddzh_shop_station` WHERE  `station_id` = 1634 LIMIT 1 [ RunTime:0.011705s ]
[ sql ] [ SQL ] SHOW COLUMNS FROM `pre_ddzh_shop` [ RunTime:0.048049s ]
[ sql ] [ SQL ] SELECT * FROM `pre_ddzh_shop` WHERE  `id` = 1095 LIMIT 1 [ RunTime:0.004922s ]
[ sql ] [ SQL ] SHOW COLUMNS FROM `pre_ddzh_station_slot_log` [ RunTime:0.106958s ]
[ sql ] [ SQL ] DELETE FROM `pre_ddzh_station_slot_log`    WHERE  `station_id` = 1634  AND `slot` IN ('') [ RunTime:0.058996s ]
[ sql ] [ SQL ] SELECT * FROM `pre_ddzh_station` WHERE  `id` = 1634 LIMIT 1 [ RunTime:0.001265s ]
[ sql ] [ SQL ] UPDATE `pre_ddzh_station`  SET `sync_time`=1513047057  WHERE  `id` = 1634 [ RunTime:0.213409s ]
[ error ] [8]未定义变量: terminal_time[/var/www/html/ddzh/application/controller/Sync.php:95]
---------------------------------------------------------------
[ 2017-12-12T10:51:24+08:00 ] 127.0.0.1 POST /sync
[ info ] dlq.ddzh.com/sync [运行时间：0.195234s][吞吐率：5.12req/s] [内存消耗：692.77kb] [文件加载：77]
[ info ] [ LANG ] /var/www/html/ddzh/thinkphp/lang/zh-cn.php
[ info ] [ ROUTE ] array (
  'type' => 'module',
  'module' => 
  array (
    0 => NULL,
    1 => 'Sync',
    2 => 'dispatch',
  ),
  'convert' => false,
)
[ info ] [ HEADER ] array (
  'cache-control' => 'no-cache',
  'postman-token' => '4a1fd487-ad27-4334-a90a-431f541b6577',
  'content-type' => 'text/plain',
  'user-agent' => 'PostmanRuntime/3.0.11-hotfix.2',
  'accept' => '*/*',
  'host' => 'dlq.ddzh.com',
  'cookie' => 'PHPSESSID=6j7hj90ptdklu5sdue6jsa6kk4',
  'accept-encoding' => 'gzip, deflate',
  'content-length' => '247',
  'connection' => 'keep-alive',
)
[ info ] [ PARAM ] array (
)
[ info ] [ LOG ] INIT File
[ info ] [ DB ] INIT mysql
[ info ] [ RUN ] app\controller\Sync->dispatch[ /var/www/html/ddzh/application/controller/Sync.php ]
[ info ] get post data : {"data":{"ACT":"sync_umbrella","LASTTIME":"1512980826","STATIONID":"1634","USABLE_UMBRELLA":"4","EMPTY_SLOT_COUNT":"12","UM16":"000000000000","UM17":"000000000000","UM18":"000000000000","UM19":"000000000000","CHKSUM":"1057d403"},"stationid":1634}

[ info ] handle sync umbrella
[ info ] sync umbrella station_id: 1634
[ info ] [ CACHE ] INIT File
[ info ] umbrellas sync success, station id: 1634
[ sql ] [ DB ] CONNECT:[ UseTime:0.006055s ] mysql:host=localhost;port=3306;dbname=ddzh;charset=utf8
[ sql ] [ SQL ] SHOW COLUMNS FROM `pre_ddzh_station` [ RunTime:0.058304s ]
[ sql ] [ SQL ] SELECT * FROM `pre_ddzh_station` WHERE  `id` = 1634 LIMIT 1 [ RunTime:0.002553s ]
[ sql ] [ SQL ] SHOW COLUMNS FROM `pre_ddzh_shop_station` [ RunTime:0.003000s ]
[ sql ] [ SQL ] SELECT * FROM `pre_ddzh_shop_station` WHERE  `station_id` = 1634 LIMIT 1 [ RunTime:0.001295s ]
[ sql ] [ SQL ] SHOW COLUMNS FROM `pre_ddzh_shop` [ RunTime:0.000631s ]
[ sql ] [ SQL ] SELECT * FROM `pre_ddzh_shop` WHERE  `id` = 1095 LIMIT 1 [ RunTime:0.000284s ]
[ sql ] [ SQL ] SHOW COLUMNS FROM `pre_ddzh_station_slot_log` [ RunTime:0.053103s ]
[ sql ] [ SQL ] DELETE FROM `pre_ddzh_station_slot_log`    WHERE  `station_id` = 1634  AND `slot` IN ('') [ RunTime:0.005109s ]
[ sql ] [ SQL ] SELECT * FROM `pre_ddzh_station` WHERE  `id` = 1634 LIMIT 1 [ RunTime:0.000350s ]
[ sql ] [ SQL ] UPDATE `pre_ddzh_station`  SET `sync_time`=1513047084  WHERE  `id` = 1634 [ RunTime:0.056919s ]
[ error ] [8]未定义变量: terminal_time[/var/www/html/ddzh/application/controller/Sync.php:95]
---------------------------------------------------------------
[ 2017-12-12T10:52:52+08:00 ] 127.0.0.1 POST /sync
[ info ] dlq.ddzh.com/sync [运行时间：0.377433s][吞吐率：2.65req/s] [内存消耗：692.77kb] [文件加载：77]
[ info ] [ LANG ] /var/www/html/ddzh/thinkphp/lang/zh-cn.php
[ info ] [ ROUTE ] array (
  'type' => 'module',
  'module' => 
  array (
    0 => NULL,
    1 => 'Sync',
    2 => 'dispatch',
  ),
  'convert' => false,
)
[ info ] [ HEADER ] array (
  'cache-control' => 'no-cache',
  'postman-token' => '8cea4bf9-f2fb-438d-8b02-457c53280134',
  'content-type' => 'text/plain',
  'user-agent' => 'PostmanRuntime/3.0.11-hotfix.2',
  'accept' => '*/*',
  'host' => 'dlq.ddzh.com',
  'cookie' => 'PHPSESSID=6j7hj90ptdklu5sdue6jsa6kk4',
  'accept-encoding' => 'gzip, deflate',
  'content-length' => '247',
  'connection' => 'keep-alive',
)
[ info ] [ PARAM ] array (
)
[ info ] [ LOG ] INIT File
[ info ] [ DB ] INIT mysql
[ info ] [ RUN ] app\controller\Sync->dispatch[ /var/www/html/ddzh/application/controller/Sync.php ]
[ info ] get post data : {"data":{"ACT":"sync_umbrella","LASTTIME":"1512980826","STATIONID":"1634","USABLE_UMBRELLA":"4","EMPTY_SLOT_COUNT":"12","UM16":"000000000000","UM17":"000000000000","UM18":"000000000000","UM19":"000000000000","CHKSUM":"1057d403"},"stationid":1634}

[ info ] handle sync umbrella
[ info ] sync umbrella station_id: 1634
[ info ] [ CACHE ] INIT File
[ info ] umbrellas sync success, station id: 1634
[ sql ] [ DB ] CONNECT:[ UseTime:0.005377s ] mysql:host=localhost;port=3306;dbname=ddzh;charset=utf8
[ sql ] [ SQL ] SHOW COLUMNS FROM `pre_ddzh_station` [ RunTime:0.060240s ]
[ sql ] [ SQL ] SELECT * FROM `pre_ddzh_station` WHERE  `id` = 1634 LIMIT 1 [ RunTime:0.041288s ]
[ sql ] [ SQL ] SHOW COLUMNS FROM `pre_ddzh_shop_station` [ RunTime:0.021876s ]
[ sql ] [ SQL ] SELECT * FROM `pre_ddzh_shop_station` WHERE  `station_id` = 1634 LIMIT 1 [ RunTime:0.013280s ]
[ sql ] [ SQL ] SHOW COLUMNS FROM `pre_ddzh_shop` [ RunTime:0.031541s ]
[ sql ] [ SQL ] SELECT * FROM `pre_ddzh_shop` WHERE  `id` = 1095 LIMIT 1 [ RunTime:0.000281s ]
[ sql ] [ SQL ] SHOW COLUMNS FROM `pre_ddzh_station_slot_log` [ RunTime:0.041427s ]
[ sql ] [ SQL ] DELETE FROM `pre_ddzh_station_slot_log`    WHERE  `station_id` = 1634  AND `slot` IN ('') [ RunTime:0.000213s ]
[ sql ] [ SQL ] SELECT * FROM `pre_ddzh_station` WHERE  `id` = 1634 LIMIT 1 [ RunTime:0.000249s ]
[ sql ] [ SQL ] UPDATE `pre_ddzh_station`  SET `sync_time`=1513047172  WHERE  `id` = 1634 [ RunTime:0.154735s ]
[ error ] [8]未定义变量: terminal_time[/var/www/html/ddzh/application/controller/Sync.php:95]
---------------------------------------------------------------
[ 2017-12-12T10:53:37+08:00 ] 127.0.0.1 POST /sync
[ info ] dlq.ddzh.com/sync [运行时间：0.189243s][吞吐率：5.28req/s] [内存消耗：692.77kb] [文件加载：77]
[ info ] [ LANG ] /var/www/html/ddzh/thinkphp/lang/zh-cn.php
[ info ] [ ROUTE ] array (
  'type' => 'module',
  'module' => 
  array (
    0 => NULL,
    1 => 'Sync',
    2 => 'dispatch',
  ),
  'convert' => false,
)
[ info ] [ HEADER ] array (
  'cache-control' => 'no-cache',
  'postman-token' => '6dbfde2b-5434-4e9e-a7f4-bfcdf573fe8d',
  'content-type' => 'text/plain',
  'user-agent' => 'PostmanRuntime/3.0.11-hotfix.2',
  'accept' => '*/*',
  'host' => 'dlq.ddzh.com',
  'cookie' => 'PHPSESSID=6j7hj90ptdklu5sdue6jsa6kk4',
  'accept-encoding' => 'gzip, deflate',
  'content-length' => '247',
  'connection' => 'keep-alive',
)
[ info ] [ PARAM ] array (
)
[ info ] [ LOG ] INIT File
[ info ] [ DB ] INIT mysql
[ info ] [ RUN ] app\controller\Sync->dispatch[ /var/www/html/ddzh/application/controller/Sync.php ]
[ info ] get post data : {"data":{"ACT":"sync_umbrella","LASTTIME":"1512980826","STATIONID":"1634","USABLE_UMBRELLA":"4","EMPTY_SLOT_COUNT":"12","UM16":"000000000000","UM17":"000000000000","UM18":"000000000000","UM19":"000000000000","CHKSUM":"1057d403"},"stationid":1634}

[ info ] handle sync umbrella
[ info ] sync umbrella station_id: 1634
[ info ] [ CACHE ] INIT File
[ info ] umbrellas sync success, station id: 1634
[ sql ] [ DB ] CONNECT:[ UseTime:0.018160s ] mysql:host=localhost;port=3306;dbname=ddzh;charset=utf8
[ sql ] [ SQL ] SHOW COLUMNS FROM `pre_ddzh_station` [ RunTime:0.015905s ]
[ sql ] [ SQL ] SELECT * FROM `pre_ddzh_station` WHERE  `id` = 1634 LIMIT 1 [ RunTime:0.005399s ]
[ sql ] [ SQL ] SHOW COLUMNS FROM `pre_ddzh_shop_station` [ RunTime:0.000627s ]
[ sql ] [ SQL ] SELECT * FROM `pre_ddzh_shop_station` WHERE  `station_id` = 1634 LIMIT 1 [ RunTime:0.001093s ]
[ sql ] [ SQL ] SHOW COLUMNS FROM `pre_ddzh_shop` [ RunTime:0.004925s ]
[ sql ] [ SQL ] SELECT * FROM `pre_ddzh_shop` WHERE  `id` = 1095 LIMIT 1 [ RunTime:0.000268s ]
[ sql ] [ SQL ] SHOW COLUMNS FROM `pre_ddzh_station_slot_log` [ RunTime:0.047955s ]
[ sql ] [ SQL ] DELETE FROM `pre_ddzh_station_slot_log`    WHERE  `station_id` = 1634  AND `slot` IN ('') [ RunTime:0.000244s ]
[ sql ] [ SQL ] SELECT * FROM `pre_ddzh_station` WHERE  `id` = 1634 LIMIT 1 [ RunTime:0.000269s ]
[ sql ] [ SQL ] UPDATE `pre_ddzh_station`  SET `sync_time`=1513047217  WHERE  `id` = 1634 [ RunTime:0.089070s ]
[ error ] [8]未定义变量: terminal_time[/var/www/html/ddzh/application/controller/Sync.php:95]
---------------------------------------------------------------
[ 2017-12-12T10:54:53+08:00 ] 127.0.0.1 POST /sync
[ info ] get post data : {"data":{"ACT":"sync_umbrella","LASTTIME":"1512980826","STATIONID":"1634","USABLE_UMBRELLA":"4","EMPTY_SLOT_COUNT":"12","UM16":"000000000000","UM17":"000000000000","UM18":"000000000000","UM19":"000000000000","CHKSUM":"1057d403"},"stationid":1634}

[ info ] handle sync umbrella
[ info ] sync umbrella station_id: 1634
[ info ] umbrellas sync success, station id: 1634
[ sql ] [ DB ] CONNECT:[ UseTime:0.009430s ] mysql:host=localhost;port=3306;dbname=ddzh;charset=utf8
[ sql ] [ SQL ] SHOW COLUMNS FROM `pre_ddzh_station` [ RunTime:0.091166s ]
[ sql ] [ SQL ] SELECT * FROM `pre_ddzh_station` WHERE  `id` = 1634 LIMIT 1 [ RunTime:0.016169s ]
[ sql ] [ SQL ] SHOW COLUMNS FROM `pre_ddzh_shop_station` [ RunTime:0.008187s ]
[ sql ] [ SQL ] SELECT * FROM `pre_ddzh_shop_station` WHERE  `station_id` = 1634 LIMIT 1 [ RunTime:0.002292s ]
[ sql ] [ SQL ] SHOW COLUMNS FROM `pre_ddzh_shop` [ RunTime:0.001457s ]
[ sql ] [ SQL ] SELECT * FROM `pre_ddzh_shop` WHERE  `id` = 1095 LIMIT 1 [ RunTime:0.000728s ]
[ sql ] [ SQL ] SHOW COLUMNS FROM `pre_ddzh_station_slot_log` [ RunTime:0.050024s ]
[ sql ] [ SQL ] DELETE FROM `pre_ddzh_station_slot_log`    WHERE  `station_id` = 1634  AND `slot` IN ('') [ RunTime:0.000409s ]
[ sql ] [ SQL ] SELECT * FROM `pre_ddzh_station` WHERE  `id` = 1634 LIMIT 1 [ RunTime:0.011063s ]
[ sql ] [ SQL ] UPDATE `pre_ddzh_station`  SET `sync_time`=1513047293  WHERE  `id` = 1634 [ RunTime:0.073200s ]
[ error ] [8]未定义变量: terminal_time
---------------------------------------------------------------
[ 2017-12-12T11:01:47+08:00 ] 127.0.0.1 POST /sync
[ info ] dlq.ddzh.com/sync [运行时间：0.248633s][吞吐率：4.02req/s] [内存消耗：692.08kb] [文件加载：77]
[ info ] [ LANG ] /var/www/html/ddzh/thinkphp/lang/zh-cn.php
[ info ] [ ROUTE ] array (
  'type' => 'module',
  'module' => 
  array (
    0 => NULL,
    1 => 'Sync',
    2 => 'dispatch',
  ),
  'convert' => false,
)
[ info ] [ HEADER ] array (
  'cache-control' => 'no-cache',
  'postman-token' => '0240a72e-74e2-495e-bcec-95b668b7bb43',
  'content-type' => 'text/plain',
  'user-agent' => 'PostmanRuntime/3.0.11-hotfix.2',
  'accept' => '*/*',
  'host' => 'dlq.ddzh.com',
  'cookie' => 'PHPSESSID=6j7hj90ptdklu5sdue6jsa6kk4',
  'accept-encoding' => 'gzip, deflate',
  'content-length' => '247',
  'connection' => 'keep-alive',
)
[ info ] [ PARAM ] array (
)
[ info ] [ LOG ] INIT File
[ info ] [ DB ] INIT mysql
[ info ] [ RUN ] app\controller\Sync->dispatch[ /var/www/html/ddzh/application/controller/Sync.php ]
[ info ] get post data : {"data":{"ACT":"sync_umbrella","LASTTIME":"1512980826","STATIONID":"1634","USABLE_UMBRELLA":"4","EMPTY_SLOT_COUNT":"12","UM16":"000000000000","UM17":"000000000000","UM18":"000000000000","UM19":"000000000000","CHKSUM":"1057d403"},"stationid":1634}

[ info ] handle sync umbrella
[ info ] sync umbrella station_id: 1634
[ info ] [ CACHE ] INIT File
[ info ] umbrellas sync success, station id: 1634
[ sql ] [ DB ] CONNECT:[ UseTime:0.000435s ] mysql:host=localhost;port=3306;dbname=ddzh;charset=utf8
[ sql ] [ SQL ] SHOW COLUMNS FROM `pre_ddzh_station` [ RunTime:0.040378s ]
[ sql ] [ SQL ] SELECT * FROM `pre_ddzh_station` WHERE  `id` = 1634 LIMIT 1 [ RunTime:0.004335s ]
[ sql ] [ SQL ] SHOW COLUMNS FROM `pre_ddzh_shop_station` [ RunTime:0.018227s ]
[ sql ] [ SQL ] SELECT * FROM `pre_ddzh_shop_station` WHERE  `station_id` = 1634 LIMIT 1 [ RunTime:0.012602s ]
[ sql ] [ SQL ] SHOW COLUMNS FROM `pre_ddzh_shop` [ RunTime:0.024365s ]
[ sql ] [ SQL ] SELECT * FROM `pre_ddzh_shop` WHERE  `id` = 1095 LIMIT 1 [ RunTime:0.000675s ]
[ sql ] [ SQL ] SHOW COLUMNS FROM `pre_ddzh_station_slot_log` [ RunTime:0.025703s ]
[ sql ] [ SQL ] DELETE FROM `pre_ddzh_station_slot_log`    WHERE  `station_id` = 1634  AND `slot` IN ('') [ RunTime:0.010005s ]
[ sql ] [ SQL ] SELECT * FROM `pre_ddzh_station` WHERE  `id` = 1634 LIMIT 1 [ RunTime:0.001049s ]
[ sql ] [ SQL ] UPDATE `pre_ddzh_station`  SET `sync_time`=1513047707  WHERE  `id` = 1634 [ RunTime:0.103737s ]
[ error ] [8]未定义变量: terminal_time[/var/www/html/ddzh/application/controller/Sync.php:95]
---------------------------------------------------------------
[ 2017-12-12T11:06:16+08:00 ] 127.0.0.1 POST /sync
[ info ] dlq.ddzh.com/sync [运行时间：0.270790s][吞吐率：3.69req/s] [内存消耗：692.13kb] [文件加载：77]
[ info ] [ LANG ] /var/www/html/ddzh/thinkphp/lang/zh-cn.php
[ info ] [ ROUTE ] array (
  'type' => 'module',
  'module' => 
  array (
    0 => NULL,
    1 => 'Sync',
    2 => 'dispatch',
  ),
  'convert' => false,
)
[ info ] [ HEADER ] array (
  'cache-control' => 'no-cache',
  'postman-token' => '7bad98f9-ec92-4804-b8e7-732250fc1c9a',
  'content-type' => 'text/plain',
  'user-agent' => 'PostmanRuntime/3.0.11-hotfix.2',
  'accept' => '*/*',
  'host' => 'dlq.ddzh.com',
  'cookie' => 'PHPSESSID=6j7hj90ptdklu5sdue6jsa6kk4',
  'accept-encoding' => 'gzip, deflate',
  'content-length' => '247',
  'connection' => 'keep-alive',
)
[ info ] [ PARAM ] array (
)
[ info ] [ LOG ] INIT File
[ info ] [ DB ] INIT mysql
[ info ] [ RUN ] app\controller\Sync->dispatch[ /var/www/html/ddzh/application/controller/Sync.php ]
[ info ] get post data : {"data":{"ACT":"sync_umbrella","LASTTIME":"1512980826","STATIONID":"1634","USABLE_UMBRELLA":"4","EMPTY_SLOT_COUNT":"12","UM16":"000000000000","UM17":"000000000000","UM18":"000000000000","UM19":"000000000000","CHKSUM":"1057d403"},"stationid":1634}

[ info ] handle sync umbrella
[ info ] sync umbrella station_id: 1634
[ info ] [ CACHE ] INIT File
[ info ] umbrellas sync success, station id: 1634
[ sql ] [ DB ] CONNECT:[ UseTime:0.029364s ] mysql:host=localhost;port=3306;dbname=ddzh;charset=utf8
[ sql ] [ SQL ] SHOW COLUMNS FROM `pre_ddzh_station` [ RunTime:0.051195s ]
[ sql ] [ SQL ] SELECT * FROM `pre_ddzh_station` WHERE  `id` = 1634 LIMIT 1 [ RunTime:0.019492s ]
[ sql ] [ SQL ] SHOW COLUMNS FROM `pre_ddzh_shop_station` [ RunTime:0.000762s ]
[ sql ] [ SQL ] SELECT * FROM `pre_ddzh_shop_station` WHERE  `station_id` = 1634 LIMIT 1 [ RunTime:0.011284s ]
[ sql ] [ SQL ] SHOW COLUMNS FROM `pre_ddzh_shop` [ RunTime:0.000424s ]
[ sql ] [ SQL ] SELECT * FROM `pre_ddzh_shop` WHERE  `id` = 1095 LIMIT 1 [ RunTime:0.000226s ]
[ sql ] [ SQL ] SHOW COLUMNS FROM `pre_ddzh_station_slot_log` [ RunTime:0.064006s ]
[ sql ] [ SQL ] DELETE FROM `pre_ddzh_station_slot_log`    WHERE  `station_id` = 1634  AND `slot` IN ('') [ RunTime:0.000235s ]
[ sql ] [ SQL ] SELECT * FROM `pre_ddzh_station` WHERE  `id` = 1634 LIMIT 1 [ RunTime:0.008934s ]
[ sql ] [ SQL ] UPDATE `pre_ddzh_station`  SET `sync_time`=1513047976  WHERE  `id` = 1634 [ RunTime:0.078755s ]
[ error ] [8]未定义变量: terminal_time[/var/www/html/ddzh/application/controller/Sync.php:95]
---------------------------------------------------------------
[ 2017-12-12T11:13:06+08:00 ] 127.0.0.1 POST /sync
[ info ] dlq.ddzh.com/sync [运行时间：0.262325s][吞吐率：3.81req/s] [内存消耗：692.08kb] [文件加载：77]
[ info ] [ LANG ] /var/www/html/ddzh/thinkphp/lang/zh-cn.php
[ info ] [ ROUTE ] array (
  'type' => 'module',
  'module' => 
  array (
    0 => NULL,
    1 => 'Sync',
    2 => 'dispatch',
  ),
  'convert' => false,
)
[ info ] [ HEADER ] array (
  'cache-control' => 'no-cache',
  'postman-token' => '60bb4fc7-cefb-4eb1-adad-6dab76582c6e',
  'content-type' => 'text/plain',
  'user-agent' => 'PostmanRuntime/3.0.11-hotfix.2',
  'accept' => '*/*',
  'host' => 'dlq.ddzh.com',
  'cookie' => 'PHPSESSID=6j7hj90ptdklu5sdue6jsa6kk4',
  'accept-encoding' => 'gzip, deflate',
  'content-length' => '247',
  'connection' => 'keep-alive',
)
[ info ] [ PARAM ] array (
)
[ info ] [ LOG ] INIT File
[ info ] [ DB ] INIT mysql
[ info ] [ RUN ] app\controller\Sync->dispatch[ /var/www/html/ddzh/application/controller/Sync.php ]
[ info ] get post data : {"data":{"ACT":"sync_umbrella","LASTTIME":"1512980826","STATIONID":"1634","USABLE_UMBRELLA":"4","EMPTY_SLOT_COUNT":"12","UM16":"000000000000","UM17":"000000000000","UM18":"000000000000","UM19":"000000000000","CHKSUM":"1057d403"},"stationid":1634}

[ info ] handle sync umbrella
[ info ] sync umbrella station_id: 1634
[ info ] [ CACHE ] INIT File
[ info ] umbrellas sync success, station id: 1634
[ sql ] [ DB ] CONNECT:[ UseTime:0.012256s ] mysql:host=localhost;port=3306;dbname=ddzh;charset=utf8
[ sql ] [ SQL ] SHOW COLUMNS FROM `pre_ddzh_station` [ RunTime:0.018974s ]
[ sql ] [ SQL ] SELECT * FROM `pre_ddzh_station` WHERE  `id` = 1634 LIMIT 1 [ RunTime:0.000852s ]
[ sql ] [ SQL ] SHOW COLUMNS FROM `pre_ddzh_shop_station` [ RunTime:0.000687s ]
[ sql ] [ SQL ] SELECT * FROM `pre_ddzh_shop_station` WHERE  `station_id` = 1634 LIMIT 1 [ RunTime:0.018053s ]
[ sql ] [ SQL ] SHOW COLUMNS FROM `pre_ddzh_shop` [ RunTime:0.008451s ]
[ sql ] [ SQL ] SELECT * FROM `pre_ddzh_shop` WHERE  `id` = 1095 LIMIT 1 [ RunTime:0.010201s ]
[ sql ] [ SQL ] SHOW COLUMNS FROM `pre_ddzh_station_slot_log` [ RunTime:0.058998s ]
[ sql ] [ SQL ] DELETE FROM `pre_ddzh_station_slot_log`    WHERE  `station_id` = 1634  AND `slot` IN ('') [ RunTime:0.000313s ]
[ sql ] [ SQL ] SELECT * FROM `pre_ddzh_station` WHERE  `id` = 1634 LIMIT 1 [ RunTime:0.000265s ]
[ sql ] [ SQL ] UPDATE `pre_ddzh_station`  SET `sync_time`=1513048386  WHERE  `id` = 1634 [ RunTime:0.124527s ]
[ error ] [8]未定义变量: terminal_time[/var/www/html/ddzh/application/controller/Sync.php:95]
---------------------------------------------------------------
[ 2017-12-12T11:14:29+08:00 ] 127.0.0.1 POST /sync
[ info ] dlq.ddzh.com/sync [运行时间：0.208271s][吞吐率：4.80req/s] [内存消耗：691.69kb] [文件加载：77]
[ info ] [ LANG ] /var/www/html/ddzh/thinkphp/lang/zh-cn.php
[ info ] [ ROUTE ] array (
  'type' => 'module',
  'module' => 
  array (
    0 => NULL,
    1 => 'Sync',
    2 => 'dispatch',
  ),
  'convert' => false,
)
[ info ] [ HEADER ] array (
  'cache-control' => 'no-cache',
  'postman-token' => '1096556f-e02e-47c0-a12a-00b7fc387c3c',
  'content-type' => 'text/plain',
  'user-agent' => 'PostmanRuntime/3.0.11-hotfix.2',
  'accept' => '*/*',
  'host' => 'dlq.ddzh.com',
  'cookie' => 'PHPSESSID=6j7hj90ptdklu5sdue6jsa6kk4',
  'accept-encoding' => 'gzip, deflate',
  'content-length' => '247',
  'connection' => 'keep-alive',
)
[ info ] [ PARAM ] array (
)
[ info ] [ LOG ] INIT File
[ info ] [ DB ] INIT mysql
[ info ] [ RUN ] app\controller\Sync->dispatch[ /var/www/html/ddzh/application/controller/Sync.php ]
[ info ] get post data : {"data":{"ACT":"sync_umbrella","LASTTIME":"1512980826","STATIONID":"1634","USABLE_UMBRELLA":"4","EMPTY_SLOT_COUNT":"12","UM16":"000000000000","UM17":"000000000000","UM18":"000000000000","UM19":"000000000000","CHKSUM":"1057d403"},"stationid":1634}

[ info ] handle sync umbrella
[ info ] sync umbrella station_id: 1634
[ info ] [ CACHE ] INIT File
[ info ] umbrellas sync success, station id: 1634
[ sql ] [ DB ] CONNECT:[ UseTime:0.000277s ] mysql:host=localhost;port=3306;dbname=ddzh;charset=utf8
[ sql ] [ SQL ] SHOW COLUMNS FROM `pre_ddzh_station` [ RunTime:0.019176s ]
[ sql ] [ SQL ] SELECT * FROM `pre_ddzh_station` WHERE  `id` = 1634 LIMIT 1 [ RunTime:0.017298s ]
[ sql ] [ SQL ] SHOW COLUMNS FROM `pre_ddzh_shop_station` [ RunTime:0.000417s ]
[ sql ] [ SQL ] SELECT * FROM `pre_ddzh_shop_station` WHERE  `station_id` = 1634 LIMIT 1 [ RunTime:0.001017s ]
[ sql ] [ SQL ] SHOW COLUMNS FROM `pre_ddzh_shop` [ RunTime:0.000587s ]
[ sql ] [ SQL ] SELECT * FROM `pre_ddzh_shop` WHERE  `id` = 1095 LIMIT 1 [ RunTime:0.008438s ]
[ sql ] [ SQL ] SHOW COLUMNS FROM `pre_ddzh_station_slot_log` [ RunTime:0.105983s ]
[ sql ] [ SQL ] DELETE FROM `pre_ddzh_station_slot_log`    WHERE  `station_id` = 1634  AND `slot` IN ('') [ RunTime:0.000369s ]
[ sql ] [ SQL ] SELECT * FROM `pre_ddzh_station` WHERE  `id` = 1634 LIMIT 1 [ RunTime:0.000308s ]
[ sql ] [ SQL ] UPDATE `pre_ddzh_station`  SET `sync_time`=1513048469  WHERE  `id` = 1634 [ RunTime:0.050201s ]
[ error ] [8]未定义变量: terminal_time[/var/www/html/ddzh/application/controller/Sync.php:95]
---------------------------------------------------------------
[ 2017-12-12T11:15:11+08:00 ] 127.0.0.1 POST /sync
[ info ] dlq.ddzh.com/sync [运行时间：0.178893s][吞吐率：5.59req/s] [内存消耗：691.69kb] [文件加载：77]
[ info ] [ LANG ] /var/www/html/ddzh/thinkphp/lang/zh-cn.php
[ info ] [ ROUTE ] array (
  'type' => 'module',
  'module' => 
  array (
    0 => NULL,
    1 => 'Sync',
    2 => 'dispatch',
  ),
  'convert' => false,
)
[ info ] [ HEADER ] array (
  'cache-control' => 'no-cache',
  'postman-token' => 'd0ebd3ea-f729-45dd-acdf-04199cacf44f',
  'content-type' => 'text/plain',
  'user-agent' => 'PostmanRuntime/3.0.11-hotfix.2',
  'accept' => '*/*',
  'host' => 'dlq.ddzh.com',
  'cookie' => 'PHPSESSID=6j7hj90ptdklu5sdue6jsa6kk4',
  'accept-encoding' => 'gzip, deflate',
  'content-length' => '247',
  'connection' => 'keep-alive',
)
[ info ] [ PARAM ] array (
)
[ info ] [ LOG ] INIT File
[ info ] [ DB ] INIT mysql
[ info ] [ RUN ] app\controller\Sync->dispatch[ /var/www/html/ddzh/application/controller/Sync.php ]
[ info ] get post data : {"data":{"ACT":"sync_umbrella","LASTTIME":"1512980826","STATIONID":"1634","USABLE_UMBRELLA":"4","EMPTY_SLOT_COUNT":"12","UM16":"000000000000","UM17":"000000000000","UM18":"000000000000","UM19":"000000000000","CHKSUM":"1057d403"},"stationid":1634}

[ info ] handle sync umbrella
[ info ] sync umbrella station_id: 1634
[ info ] [ CACHE ] INIT File
[ info ] umbrellas sync success, station id: 1634
[ sql ] [ DB ] CONNECT:[ UseTime:0.005841s ] mysql:host=localhost;port=3306;dbname=ddzh;charset=utf8
[ sql ] [ SQL ] SHOW COLUMNS FROM `pre_ddzh_station` [ RunTime:0.041919s ]
[ sql ] [ SQL ] SELECT * FROM `pre_ddzh_station` WHERE  `id` = 1634 LIMIT 1 [ RunTime:0.001631s ]
[ sql ] [ SQL ] SHOW COLUMNS FROM `pre_ddzh_shop_station` [ RunTime:0.001846s ]
[ sql ] [ SQL ] SELECT * FROM `pre_ddzh_shop_station` WHERE  `station_id` = 1634 LIMIT 1 [ RunTime:0.001878s ]
[ sql ] [ SQL ] SHOW COLUMNS FROM `pre_ddzh_shop` [ RunTime:0.001444s ]
[ sql ] [ SQL ] SELECT * FROM `pre_ddzh_shop` WHERE  `id` = 1095 LIMIT 1 [ RunTime:0.000567s ]
[ sql ] [ SQL ] SHOW COLUMNS FROM `pre_ddzh_station_slot_log` [ RunTime:0.011443s ]
[ sql ] [ SQL ] DELETE FROM `pre_ddzh_station_slot_log`    WHERE  `station_id` = 1634  AND `slot` IN ('') [ RunTime:0.008586s ]
[ sql ] [ SQL ] SELECT * FROM `pre_ddzh_station` WHERE  `id` = 1634 LIMIT 1 [ RunTime:0.001231s ]
[ sql ] [ SQL ] UPDATE `pre_ddzh_station`  SET `sync_time`=1513048511  WHERE  `id` = 1634 [ RunTime:0.093655s ]
[ error ] [8]未定义变量: terminal_time[/var/www/html/ddzh/application/controller/Sync.php:95]
---------------------------------------------------------------
[ 2017-12-12T11:15:39+08:00 ] 127.0.0.1 POST /sync
[ info ] dlq.ddzh.com/sync [运行时间：0.135158s][吞吐率：7.40req/s] [内存消耗：691.69kb] [文件加载：77]
[ info ] [ LANG ] /var/www/html/ddzh/thinkphp/lang/zh-cn.php
[ info ] [ ROUTE ] array (
  'type' => 'module',
  'module' => 
  array (
    0 => NULL,
    1 => 'Sync',
    2 => 'dispatch',
  ),
  'convert' => false,
)
[ info ] [ HEADER ] array (
  'cache-control' => 'no-cache',
  'postman-token' => '5cea9cdd-8b1c-4f5f-9fcf-32d48e5c7fe2',
  'content-type' => 'text/plain',
  'user-agent' => 'PostmanRuntime/3.0.11-hotfix.2',
  'accept' => '*/*',
  'host' => 'dlq.ddzh.com',
  'cookie' => 'PHPSESSID=6j7hj90ptdklu5sdue6jsa6kk4',
  'accept-encoding' => 'gzip, deflate',
  'content-length' => '247',
  'connection' => 'keep-alive',
)
[ info ] [ PARAM ] array (
)
[ info ] [ LOG ] INIT File
[ info ] [ DB ] INIT mysql
[ info ] [ RUN ] app\controller\Sync->dispatch[ /var/www/html/ddzh/application/controller/Sync.php ]
[ info ] get post data : {"data":{"ACT":"sync_umbrella","LASTTIME":"1512980826","STATIONID":"1634","USABLE_UMBRELLA":"4","EMPTY_SLOT_COUNT":"12","UM16":"000000000000","UM17":"000000000000","UM18":"000000000000","UM19":"000000000000","CHKSUM":"1057d403"},"stationid":1634}

[ info ] handle sync umbrella
[ info ] sync umbrella station_id: 1634
[ info ] [ CACHE ] INIT File
[ info ] umbrellas sync success, station id: 1634
[ sql ] [ DB ] CONNECT:[ UseTime:0.012226s ] mysql:host=localhost;port=3306;dbname=ddzh;charset=utf8
[ sql ] [ SQL ] SHOW COLUMNS FROM `pre_ddzh_station` [ RunTime:0.020869s ]
[ sql ] [ SQL ] SELECT * FROM `pre_ddzh_station` WHERE  `id` = 1634 LIMIT 1 [ RunTime:0.009906s ]
[ sql ] [ SQL ] SHOW COLUMNS FROM `pre_ddzh_shop_station` [ RunTime:0.001825s ]
[ sql ] [ SQL ] SELECT * FROM `pre_ddzh_shop_station` WHERE  `station_id` = 1634 LIMIT 1 [ RunTime:0.001880s ]
[ sql ] [ SQL ] SHOW COLUMNS FROM `pre_ddzh_shop` [ RunTime:0.001346s ]
[ sql ] [ SQL ] SELECT * FROM `pre_ddzh_shop` WHERE  `id` = 1095 LIMIT 1 [ RunTime:0.000541s ]
[ sql ] [ SQL ] SHOW COLUMNS FROM `pre_ddzh_station_slot_log` [ RunTime:0.006908s ]
[ sql ] [ SQL ] DELETE FROM `pre_ddzh_station_slot_log`    WHERE  `station_id` = 1634  AND `slot` IN ('') [ RunTime:0.000248s ]
[ sql ] [ SQL ] SELECT * FROM `pre_ddzh_station` WHERE  `id` = 1634 LIMIT 1 [ RunTime:0.000330s ]
[ sql ] [ SQL ] UPDATE `pre_ddzh_station`  SET `sync_time`=1513048539  WHERE  `id` = 1634 [ RunTime:0.071696s ]
[ error ] [8]未定义变量: terminal_time[/var/www/html/ddzh/application/controller/Sync.php:95]
---------------------------------------------------------------
[ 2017-12-12T11:44:45+08:00 ] 127.0.0.1 POST /sync
[ info ] get post data : {"data":{"ACT":"sync_umbrella","LASTTIME":"1512980826","STATIONID":"1634","USABLE_UMBRELLA":"4","EMPTY_SLOT_COUNT":"12","UM16":"000000000000","UM17":"000000000000","UM18":"000000000000","UM19":"000000000000","CHKSUM":"1057d403"},"stationid":1634}

[ info ] handle sync umbrella
[ info ] sync umbrella station_id: 1634
[ info ] umbrellas sync success, station id: 1634
[ error ] [8]未定义变量: terminal_time
---------------------------------------------------------------
[ 2017-12-12T11:45:17+08:00 ] 127.0.0.1 POST /sync
[ info ] get post data : {"data":{"ACT":"sync_umbrella","LASTTIME":"1512980826","STATIONID":"1634","USABLE_UMBRELLA":"4","EMPTY_SLOT_COUNT":"12","UM16":"000000000000","UM17":"000000000000","UM18":"000000000000","UM19":"000000000000","CHKSUM":"1057d403"},"stationid":1634}

[ info ] handle sync umbrella
[ info ] sync umbrella station_id: 1634
[ info ] umbrellas sync success, station id: 1634
[ error ] [8]未定义变量: terminal_time
---------------------------------------------------------------
[ 2017-12-12T11:45:37+08:00 ] 127.0.0.1 POST /sync
[ info ] get post data : {"data":{"ACT":"sync_umbrella","LASTTIME":"1512980826","STATIONID":"1634","USABLE_UMBRELLA":"4","EMPTY_SLOT_COUNT":"12","UM16":"000000000000","UM17":"000000000000","UM18":"000000000000","UM19":"000000000000","CHKSUM":"1057d403"},"stationid":1634}

[ info ] handle sync umbrella
[ info ] sync umbrella station_id: 1634
[ info ] umbrellas sync success, station id: 1634
[ error ] [8]未定义变量: terminal_time
---------------------------------------------------------------
[ 2017-12-12T11:45:56+08:00 ] 127.0.0.1 POST /sync
[ info ] get post data : {"data":{"ACT":"sync_umbrella","LASTTIME":"1512980826","STATIONID":"1634","USABLE_UMBRELLA":"4","EMPTY_SLOT_COUNT":"12","UM16":"000000000000","UM17":"000000000000","UM18":"000000000000","UM19":"000000000000","CHKSUM":"1057d403"},"stationid":1634}

[ info ] handle sync umbrella
[ info ] sync umbrella station_id: 1634
[ info ] umbrellas sync success, station id: 1634
[ error ] [8]未定义变量: terminal_time
---------------------------------------------------------------
[ 2017-12-12T11:47:07+08:00 ] 127.0.0.1 POST /sync
[ info ] get post data : {"data":{"ACT":"sync_umbrella","LASTTIME":"1512980826","STATIONID":"1634","USABLE_UMBRELLA":"4","EMPTY_SLOT_COUNT":"12","UM16":"000000000000","UM17":"000000000000","UM18":"000000000000","UM19":"000000000000","CHKSUM":"1057d403"},"stationid":1634}

[ info ] handle sync umbrella
[ info ] sync umbrella station_id: 1634
[ info ] umbrellas sync success, station id: 1634
[ error ] [8]未定义变量: terminal_time
---------------------------------------------------------------
[ 2017-12-12T11:47:22+08:00 ] 127.0.0.1 POST /sync
[ info ] get post data : {"data":{"ACT":"sync_umbrella","LASTTIME":"1512980826","STATIONID":"1634","USABLE_UMBRELLA":"4","EMPTY_SLOT_COUNT":"12","UM16":"000000000000","UM17":"000000000000","UM18":"000000000000","UM19":"000000000000","CHKSUM":"1057d403"},"stationid":1634}

[ info ] handle sync umbrella
[ info ] sync umbrella station_id: 1634
[ info ] umbrellas sync success, station id: 1634
[ error ] [8]未定义变量: terminal_time
---------------------------------------------------------------
[ 2017-12-12T11:49:28+08:00 ] 127.0.0.1 POST /sync
[ info ] get post data : {"data":{"ACT":"sync_umbrella","LASTTIME":"1512980826","STATIONID":"1634","USABLE_UMBRELLA":"4","EMPTY_SLOT_COUNT":"12","UM16":"000000000000","UM17":"000000000000","UM18":"000000000000","UM19":"000000000000","CHKSUM":"1057d403"},"stationid":1634}

[ info ] handle sync umbrella
[ info ] sync umbrella station_id: 1634
[ info ] umbrellas sync success, station id: 1634
[ error ] [8]未定义变量: terminal_time
---------------------------------------------------------------
[ 2017-12-12T11:49:55+08:00 ] 127.0.0.1 POST /sync
[ info ] get post data : {"data":{"ACT":"sync_umbrella","LASTTIME":"1512980826","STATIONID":"1634","USABLE_UMBRELLA":"4","EMPTY_SLOT_COUNT":"12","UM16":"000000000000","UM17":"000000000000","UM18":"000000000000","UM19":"000000000000","CHKSUM":"1057d403"},"stationid":1634}

[ info ] handle sync umbrella
[ info ] sync umbrella station_id: 1634
[ info ] umbrellas sync success, station id: 1634
[ error ] [8]未定义变量: terminal_time
